<?xml version="1.0" encoding="UTF-8"?>
<!-- Generated by org.testng.reporters.JUnitXMLReporter -->
<testsuite hostname="DESKTOP-GQF8HD8" ignored="1" name="Default test(failed)" tests="1" failures="0" timestamp="09 Apr 2019 16:04:43 GMT" time="47.835" errors="0">
  <testcase name="testing_PhPTravels" time="38.722" classname="com.PhpTravels_Test.Test_page"/>
  <testcase name="registerPage" time="0.0" classname="com.PhpTravels_Test.Test_page">
    <ignored/>
  </testcase> <!-- registerPage -->
</testsuite> <!-- Default test(failed) -->
